<?xml version="1.0" encoding="UTF-8"?>
<testsuite name="org.firstinspires.ftc.teamcode.replay.ReplaySampleToBytesTest" tests="2" skipped="0" failures="0" errors="0" timestamp="2026-09-25T19:38:57" hostname="fedora" time="0.003">
  <properties/>
  <testcase name="toBytes_lengthIsAlwaysBaseRecordSize" classname="org.firstinspires.ftc.teamcode.replay.ReplaySampleToBytesTest" time="0.002"/>
  <testcase name="toBytes_matchesSpec82RecordByteForByte" classname="org.firstinspires.ftc.teamcode.replay.ReplaySampleToBytesTest" time="0.001"/>
  <system-out><![CDATA[]]></system-out>
  <system-err><![CDATA[]]></system-err>
</testsuite>
